Determining if the pthread_create exist failed with the following output:
Change Dir: /home/cs18/Desktop/games101_assignment/Assignment8/build/CMakeFiles/CMakeTmp

Run Build Command:"/usr/bin/make" "cmTC_e8536/fast"
/usr/bin/make -f CMakeFiles/cmTC_e8536.dir/build.make CMakeFiles/cmTC_e8536.dir/build
make[1]: 进入目录“/home/cs18/Desktop/games101_assignment/Assignment8/build/CMakeFiles/CMakeTmp”
Building C object CMakeFiles/cmTC_e8536.dir/CheckSymbolExists.c.o
/usr/bin/cc    -o CMakeFiles/cmTC_e8536.dir/CheckSymbolExists.c.o   -c /home/cs18/Desktop/games101_assignment/Assignment8/build/CMakeFiles/CMakeTmp/CheckSymbolExists.c
Linking C executable cmTC_e8536
/usr/bin/cmake -E cmake_link_script CMakeFiles/cmTC_e8536.dir/link.txt --verbose=1
/usr/bin/cc      -rdynamic CMakeFiles/cmTC_e8536.dir/CheckSymbolExists.c.o  -o cmTC_e8536 
CMakeFiles/cmTC_e8536.dir/CheckSymbolExists.c.o：在函数‘main’中：
CheckSymbolExists.c:(.text+0x1b)：对‘pthread_create’未定义的引用
collect2: error: ld returned 1 exit status
CMakeFiles/cmTC_e8536.dir/build.make:97: recipe for target 'cmTC_e8536' failed
make[1]: *** [cmTC_e8536] Error 1
make[1]: 离开目录“/home/cs18/Desktop/games101_assignment/Assignment8/build/CMakeFiles/CMakeTmp”
Makefile:126: recipe for target 'cmTC_e8536/fast' failed
make: *** [cmTC_e8536/fast] Error 2

File /home/cs18/Desktop/games101_assignment/Assignment8/build/CMakeFiles/CMakeTmp/CheckSymbolExists.c:
/* */
#include <pthread.h>

int main(int argc, char** argv)
{
  (void)argv;
#ifndef pthread_create
  return ((int*)(&pthread_create))[argc];
#else
  (void)argc;
  return 0;
#endif
}

Determining if the function pthread_create exists in the pthreads failed with the following output:
Change Dir: /home/cs18/Desktop/games101_assignment/Assignment8/build/CMakeFiles/CMakeTmp

Run Build Command:"/usr/bin/make" "cmTC_fefdf/fast"
/usr/bin/make -f CMakeFiles/cmTC_fefdf.dir/build.make CMakeFiles/cmTC_fefdf.dir/build
make[1]: 进入目录“/home/cs18/Desktop/games101_assignment/Assignment8/build/CMakeFiles/CMakeTmp”
Building C object CMakeFiles/cmTC_fefdf.dir/CheckFunctionExists.c.o
/usr/bin/cc   -DCHECK_FUNCTION_EXISTS=pthread_create   -o CMakeFiles/cmTC_fefdf.dir/CheckFunctionExists.c.o   -c /usr/share/cmake-3.10/Modules/CheckFunctionExists.c
Linking C executable cmTC_fefdf
/usr/bin/cmake -E cmake_link_script CMakeFiles/cmTC_fefdf.dir/link.txt --verbose=1
/usr/bin/cc  -DCHECK_FUNCTION_EXISTS=pthread_create    -rdynamic CMakeFiles/cmTC_fefdf.dir/CheckFunctionExists.c.o  -o cmTC_fefdf -lpthreads 
/usr/bin/ld: 找不到 -lpthreads
collect2: error: ld returned 1 exit status
CMakeFiles/cmTC_fefdf.dir/build.make:97: recipe for target 'cmTC_fefdf' failed
make[1]: *** [cmTC_fefdf] Error 1
make[1]: 离开目录“/home/cs18/Desktop/games101_assignment/Assignment8/build/CMakeFiles/CMakeTmp”
Makefile:126: recipe for target 'cmTC_fefdf/fast' failed
make: *** [cmTC_fefdf/fast] Error 2


Determining if the function glXGetProcAddressEXT exists failed with the following output:
Change Dir: /home/cs18/Desktop/games101_assignment/Assignment8/build/CMakeFiles/CMakeTmp

Run Build Command:"/usr/bin/make" "cmTC_484d2/fast"
/usr/bin/make -f CMakeFiles/cmTC_484d2.dir/build.make CMakeFiles/cmTC_484d2.dir/build
make[1]: 进入目录“/home/cs18/Desktop/games101_assignment/Assignment8/build/CMakeFiles/CMakeTmp”
Building C object CMakeFiles/cmTC_484d2.dir/CheckFunctionExists.c.o
/usr/bin/cc   -DCHECK_FUNCTION_EXISTS=glXGetProcAddressEXT   -o CMakeFiles/cmTC_484d2.dir/CheckFunctionExists.c.o   -c /usr/share/cmake-3.10/Modules/CheckFunctionExists.c
Linking C executable cmTC_484d2
/usr/bin/cmake -E cmake_link_script CMakeFiles/cmTC_484d2.dir/link.txt --verbose=1
/usr/bin/cc  -DCHECK_FUNCTION_EXISTS=glXGetProcAddressEXT    -rdynamic CMakeFiles/cmTC_484d2.dir/CheckFunctionExists.c.o  -o cmTC_484d2 /usr/lib/x86_64-linux-gnu/libGL.so 
CMakeFiles/cmTC_484d2.dir/CheckFunctionExists.c.o：在函数‘main’中：
CheckFunctionExists.c:(.text+0x10)：对‘glXGetProcAddressEXT’未定义的引用
collect2: error: ld returned 1 exit status
CMakeFiles/cmTC_484d2.dir/build.make:98: recipe for target 'cmTC_484d2' failed
make[1]: *** [cmTC_484d2] Error 1
make[1]: 离开目录“/home/cs18/Desktop/games101_assignment/Assignment8/build/CMakeFiles/CMakeTmp”
Makefile:126: recipe for target 'cmTC_484d2/fast' failed
make: *** [cmTC_484d2/fast] Error 2


